<?xml version="1.0" encoding="UTF-8"?>
<!-- Generated by org.testng.reporters.JUnitXMLReporter -->
<testsuite ignored="0" hostname="MSI" failures="0" tests="4" name="Default test" time="4.923" errors="0" timestamp="2024-02-27T18:01:27 IST">
  <testcase classname="com.restassured.CountryTranslationTest" name="testCountryTranslation" time="2.036"/>
  <testcase classname="com.restassured.CountryTranslationTest" name="testCountryTranslation" time="0.86"/>
  <testcase classname="com.restassured.CountryTranslationTest" name="testCountryTranslation" time="0.764"/>
  <testcase classname="com.restassured.CountryTranslationTest" name="testCountryTranslation" time="0.725"/>
</testsuite> <!-- Default test -->
