<?xml version="1.0" encoding="UTF-8"?>
<testng-results ignored="0" total="4" passed="4" failed="0" skipped="0">
  <reporter-output>
  </reporter-output>
  <suite started-at="2024-02-27T18:01:22 IST" name="Default suite" finished-at="2024-02-27T18:01:27 IST" duration-ms="4923">
    <groups>
    </groups>
    <test started-at="2024-02-27T18:01:22 IST" name="Default test" finished-at="2024-02-27T18:01:27 IST" duration-ms="4923">
      <class name="com.restassured.CountryTranslationTest">
        <test-method signature="testCountryTranslation(java.lang.String)[pri:0, instance:com.restassured.CountryTranslationTest@2bfc268b]" started-at="2024-02-27T18:01:23 IST" name="testCountryTranslation" data-provider="translations" finished-at="2024-02-27T18:01:25 IST" duration-ms="2036" status="PASS">
          <params>
            <param index="0">
              <value>
                <![CDATA[Translation]]>
              </value>
            </param>
          </params>
          <reporter-output>
          </reporter-output>
        </test-method> <!-- testCountryTranslation -->
        <test-method signature="testCountryTranslation(java.lang.String)[pri:0, instance:com.restassured.CountryTranslationTest@2bfc268b]" started-at="2024-02-27T18:01:25 IST" name="testCountryTranslation" data-provider="translations" finished-at="2024-02-27T18:01:25 IST" duration-ms="860" status="PASS">
          <params>
            <param index="0">
              <value>
                <![CDATA[germany]]>
              </value>
            </param>
          </params>
          <reporter-output>
          </reporter-output>
        </test-method> <!-- testCountryTranslation -->
        <test-method signature="testCountryTranslation(java.lang.String)[pri:0, instance:com.restassured.CountryTranslationTest@2bfc268b]" started-at="2024-02-27T18:01:25 IST" name="testCountryTranslation" data-provider="translations" finished-at="2024-02-27T18:01:26 IST" duration-ms="764" status="PASS">
          <params>
            <param index="0">
              <value>
                <![CDATA[alemania]]>
              </value>
            </param>
          </params>
          <reporter-output>
          </reporter-output>
        </test-method> <!-- testCountryTranslation -->
        <test-method signature="testCountryTranslation(java.lang.String)[pri:0, instance:com.restassured.CountryTranslationTest@2bfc268b]" started-at="2024-02-27T18:01:26 IST" name="testCountryTranslation" data-provider="translations" finished-at="2024-02-27T18:01:27 IST" duration-ms="725" status="PASS">
          <params>
            <param index="0">
              <value>
                <![CDATA[Saksamaa]]>
              </value>
            </param>
          </params>
          <reporter-output>
          </reporter-output>
        </test-method> <!-- testCountryTranslation -->
      </class> <!-- com.restassured.CountryTranslationTest -->
    </test> <!-- Default test -->
  </suite> <!-- Default suite -->
</testng-results>
